<?xml version="1.0" encoding="UTF-8"?>
<!-- Generated by org.testng.reporters.JUnitReportReporter -->
<testsuite hostname="LAPTOP-G8J30JQB" failures="0" tests="3" name="testCases.TC_002_AddOraganisationTest" time="18.247" errors="0" timestamp="2023-04-12T19:17:39 IST" skipped="0">
  <testcase classname="testCases.TC_002_AddOraganisationTest" name="test_BasicData" time="11.187"/>
  <system-out/>
  <testcase classname="testCases.TC_002_AddOraganisationTest" name="testContactPerson" time="2.952"/>
  <system-out/>
  <testcase classname="testCases.TC_002_AddOraganisationTest" name="testBillingDetails" time="4.108"/>
  <system-out/>
</testsuite> <!-- testCases.TC_002_AddOraganisationTest -->
