<?xml version="1.0" encoding="UTF-8"?>
<!-- Generated by org.testng.reporters.JUnitReportReporter -->
<testsuite hostname="LAPTOP-G8J30JQB" failures="0" tests="1" name="testCases.ViewOrganizationTest" time="10.447" errors="0" timestamp="2023-04-08T07:00:54 IST" skipped="0">
  <testcase classname="testCases.ViewOrganizationTest" name="test_ViewOrganisationTable" time="10.447"/>
  <system-out/>
</testsuite> <!-- testCases.ViewOrganizationTest -->
