<?xml version="1.0" encoding="UTF-8"?>
<!-- Generated by org.testng.reporters.JUnitReportReporter -->
<testsuite hostname="LAPTOP-G8J30JQB" failures="0" tests="1" name="testCases.TC_001_LoginTest" time="6.845" errors="0" timestamp="2023-04-10T11:53:48 IST" skipped="0">
  <testcase classname="testCases.TC_001_LoginTest" name="test_Login" time="6.845"/>
  <system-out/>
</testsuite> <!-- testCases.TC_001_LoginTest -->
