<?xml version="1.0" encoding="UTF-8"?>
<!-- Generated by org.testng.reporters.JUnitReportReporter -->
<testsuite hostname="LAPTOP-G8J30JQB" failures="0" tests="2" name="testCases.AddOraganisationTest" time="6.283" errors="0" timestamp="2023-04-02T16:43:03 IST" skipped="0">
  <testcase classname="testCases.AddOraganisationTest" name="test_BasicData" time="4.102"/>
  <system-out/>
  <testcase classname="testCases.AddOraganisationTest" name="testContactPerson" time="2.181"/>
  <system-out/>
</testsuite> <!-- testCases.AddOraganisationTest -->
