<?xml version="1.0" encoding="UTF-8"?>
<!-- Generated by org.testng.reporters.JUnitReportReporter -->
<testsuite hostname="LAPTOP-G8J30JQB" failures="0" tests="1" name="testCases.LoginTest" time="5.310" errors="0" timestamp="2023-03-31T11:14:54 IST" skipped="0">
  <testcase classname="testCases.LoginTest" name="test_Login" time="5.310"/>
  <system-out/>
</testsuite> <!-- testCases.LoginTest -->
