<?xml version="1.0" encoding="UTF-8"?>
<!-- Generated by org.testng.reporters.JUnitReportReporter -->
<testsuite hostname="LAPTOP-G8J30JQB" failures="0" tests="10" name="testCases.LoginDataDrivenTest" time="73.672" errors="0" timestamp="2023-04-20T20:43:51 IST" skipped="0">
  <testcase classname="testCases.LoginDataDrivenTest" name="test_LoginDDT" time="10.483"/>
  <system-out/>
  <testcase classname="testCases.LoginDataDrivenTest" name="test_LoginDDT" time="10.413"/>
  <system-out/>
  <testcase classname="testCases.LoginDataDrivenTest" name="test_LoginDDT" time="10.439"/>
  <system-out/>
  <testcase classname="testCases.LoginDataDrivenTest" name="test_LoginDDT" time="10.789"/>
  <system-out/>
  <testcase classname="testCases.LoginDataDrivenTest" name="test_LoginDDT" time="10.427"/>
  <system-out/>
  <testcase classname="testCases.LoginDataDrivenTest" name="test_LoginDDT" time="3.836"/>
  <system-out/>
  <testcase classname="testCases.LoginDataDrivenTest" name="test_LoginDDT" time="4.175"/>
  <system-out/>
  <testcase classname="testCases.LoginDataDrivenTest" name="test_LoginDDT" time="4.083"/>
  <system-out/>
  <testcase classname="testCases.LoginDataDrivenTest" name="test_LoginDDT" time="4.539"/>
  <system-out/>
  <testcase classname="testCases.LoginDataDrivenTest" name="test_LoginDDT" time="4.488"/>
  <system-out/>
</testsuite> <!-- testCases.LoginDataDrivenTest -->
