<?xml version="1.0" encoding="UTF-8"?>
<!-- Generated by org.testng.reporters.JUnitReportReporter -->
<testsuite hostname="LAPTOP-G8J30JQB" failures="0" tests="3" name="testCases.TC_002_AddOraganisationTest" time="22.562" errors="0" timestamp="2023-05-01T14:20:31 IST" skipped="0">
  <testcase classname="testCases.TC_002_AddOraganisationTest" name="test_BasicData1" time="13.118"/>
  <system-out/>
  <testcase classname="testCases.TC_002_AddOraganisationTest" name="testContactPerson" time="2.433"/>
  <system-out/>
  <testcase classname="testCases.TC_002_AddOraganisationTest" name="testBillingDetails" time="7.011"/>
  <system-out/>
</testsuite> <!-- testCases.TC_002_AddOraganisationTest -->
