<?xml version="1.0" encoding="UTF-8"?>
<!-- Generated by org.testng.reporters.JUnitReportReporter -->
<testsuite hostname="LAPTOP-G8J30JQB" failures="0" tests="10" name="testCases.LoginDataDrivenTest" time="78.511" errors="0" timestamp="2023-04-12T19:08:38 IST" skipped="0">
  <testcase classname="testCases.LoginDataDrivenTest" name="test_LoginDDT" time="10.405"/>
  <system-out/>
  <testcase classname="testCases.LoginDataDrivenTest" name="test_LoginDDT" time="10.508"/>
  <system-out/>
  <testcase classname="testCases.LoginDataDrivenTest" name="test_LoginDDT" time="5.149"/>
  <system-out/>
  <testcase classname="testCases.LoginDataDrivenTest" name="test_LoginDDT" time="5.716"/>
  <system-out/>
  <testcase classname="testCases.LoginDataDrivenTest" name="test_LoginDDT" time="4.827"/>
  <system-out/>
  <testcase classname="testCases.LoginDataDrivenTest" name="test_LoginDDT" time="10.923"/>
  <system-out/>
  <testcase classname="testCases.LoginDataDrivenTest" name="test_LoginDDT" time="5.582"/>
  <system-out/>
  <testcase classname="testCases.LoginDataDrivenTest" name="test_LoginDDT" time="10.451"/>
  <system-out/>
  <testcase classname="testCases.LoginDataDrivenTest" name="test_LoginDDT" time="4.507"/>
  <system-out/>
  <testcase classname="testCases.LoginDataDrivenTest" name="test_LoginDDT" time="10.443"/>
  <system-out/>
</testsuite> <!-- testCases.LoginDataDrivenTest -->
