<?xml version="1.0" encoding="UTF-8"?>
<!-- Generated by org.testng.reporters.JUnitReportReporter -->
<testsuite hostname="LAPTOP-G8J30JQB" failures="0" tests="3" name="testCases.TC_002_AddOraganisationTest" time="16.227" errors="0" timestamp="2023-04-17T17:36:07 IST" skipped="0">
  <testcase classname="testCases.TC_002_AddOraganisationTest" name="test_BasicData1" time="6.927"/>
  <system-out/>
  <testcase classname="testCases.TC_002_AddOraganisationTest" name="testContactPerson" time="2.463"/>
  <system-out/>
  <testcase classname="testCases.TC_002_AddOraganisationTest" name="testBillingDetails" time="6.837"/>
  <system-out/>
</testsuite> <!-- testCases.TC_002_AddOraganisationTest -->
