<?xml version="1.0" encoding="UTF-8"?>
<!-- Generated by org.testng.reporters.JUnitReportReporter -->
<testsuite hostname="LAPTOP-G8J30JQB" failures="0" tests="1" name="testCases.ValidatePagesVisible" time="3.700" errors="0" timestamp="2023-04-08T15:31:00 IST" skipped="0">
  <testcase classname="testCases.ValidatePagesVisible" name="validateDashboardPage" time="3.700"/>
  <system-out/>
</testsuite> <!-- testCases.ValidatePagesVisible -->
