<?xml version="1.0" encoding="UTF-8"?>
<!-- Generated by org.testng.reporters.JUnitReportReporter -->
<testsuite hostname="LAPTOP-G8J30JQB" failures="0" tests="3" name="testCases.TC_002_AddOraganisationTest" time="22.788" errors="0" timestamp="2023-05-01T14:27:53 IST" skipped="0">
  <testcase classname="testCases.TC_002_AddOraganisationTest" name="test_BasicData1" time="12.914"/>
  <system-out/>
  <testcase classname="testCases.TC_002_AddOraganisationTest" name="testContactPerson" time="2.996"/>
  <system-out/>
  <testcase classname="testCases.TC_002_AddOraganisationTest" name="testBillingDetails" time="6.878"/>
  <system-out/>
</testsuite> <!-- testCases.TC_002_AddOraganisationTest -->
