<?xml version="1.0" encoding="UTF-8"?>
<!-- Generated by org.testng.reporters.JUnitReportReporter -->
<testsuite hostname="LAPTOP-G8J30JQB" failures="0" tests="36" name="testCases.AddOrganizationDataDriven" time="1.090" errors="1" timestamp="2023-04-25T12:07:03 IST" skipped="35">
  <testcase classname="testCases.AddOrganizationDataDriven" name="setup" time="1.090">
    <error message="The path to the driver executable Unable to locate the chromedriver executable; for more information on how to install drivers, see https://www.selenium.dev/documentation/webdriver/getting_started/install_drivers/" type="java.lang.IllegalStateException">
      <![CDATA[java.lang.IllegalStateException: The path to the driver executable Unable to locate the chromedriver executable; for more information on how to install drivers, see https://www.selenium.dev/documentation/webdriver/getting_started/install_drivers/
at org.openqa.selenium.internal.Require$StateChecker.nonNull(Require.java:314)
at org.openqa.selenium.remote.service.DriverFinder.getPath(DriverFinder.java:33)
at org.openqa.selenium.chrome.ChromeDriver.generateExecutor(ChromeDriver.java:98)
at org.openqa.selenium.chrome.ChromeDriver.<init>(ChromeDriver.java:88)
at org.openqa.selenium.chrome.ChromeDriver.<init>(ChromeDriver.java:84)
at org.openqa.selenium.chrome.ChromeDriver.<init>(ChromeDriver.java:52)
at testBase.BaseClass.setup(BaseClass.java:46)
at java.base/jdk.internal.reflect.DirectMethodHandleAccessor.invoke(DirectMethodHandleAccessor.java:104)
at java.base/java.lang.reflect.Method.invoke(Method.java:578)
at org.testng.internal.MethodInvocationHelper.invokeMethod(MethodInvocationHelper.java:133)
at org.testng.internal.MethodInvocationHelper.invokeMethodConsideringTimeout(MethodInvocationHelper.java:62)
at org.testng.internal.ConfigInvoker.invokeConfigurationMethod(ConfigInvoker.java:385)
at org.testng.internal.ConfigInvoker.invokeConfigurations(ConfigInvoker.java:321)
at org.testng.internal.TestMethodWorker.invokeBeforeClassMethods(TestMethodWorker.java:176)
at org.testng.internal.TestMethodWorker.run(TestMethodWorker.java:122)
at java.base/java.util.ArrayList.forEach(ArrayList.java:1511)
at org.testng.TestRunner.privateRun(TestRunner.java:794)
at org.testng.TestRunner.run(TestRunner.java:596)
at org.testng.SuiteRunner.runTest(SuiteRunner.java:377)
at org.testng.SuiteRunner.runSequentially(SuiteRunner.java:371)
at org.testng.SuiteRunner.privateRun(SuiteRunner.java:332)
at org.testng.SuiteRunner.run(SuiteRunner.java:276)
at org.testng.SuiteRunnerWorker.runSuite(SuiteRunnerWorker.java:53)
at org.testng.SuiteRunnerWorker.run(SuiteRunnerWorker.java:96)
at org.testng.TestNG.runSuitesSequentially(TestNG.java:1212)
at org.testng.TestNG.runSuitesLocally(TestNG.java:1134)
at org.testng.TestNG.runSuites(TestNG.java:1063)
at org.testng.TestNG.run(TestNG.java:1031)
at org.testng.remote.AbstractRemoteTestNG.run(AbstractRemoteTestNG.java:115)
at org.testng.remote.RemoteTestNG.initAndRun(RemoteTestNG.java:251)
at org.testng.remote.RemoteTestNG.main(RemoteTestNG.java:77)
]]>
    </error>
  </testcase> <!-- setup -->
  <system-out/>
  <testcase classname="testCases.AddOrganizationDataDriven" name="test_BasicDataDDT" time="0.000">
    <skipped/>
  </testcase> <!-- test_BasicDataDDT -->
  <system-out/>
  <testcase classname="testCases.AddOrganizationDataDriven" name="test_BasicDataDDT" time="0.000">
    <skipped/>
  </testcase> <!-- test_BasicDataDDT -->
  <system-out/>
  <testcase classname="testCases.AddOrganizationDataDriven" name="test_BasicDataDDT" time="0.000">
    <skipped/>
  </testcase> <!-- test_BasicDataDDT -->
  <system-out/>
  <testcase classname="testCases.AddOrganizationDataDriven" name="test_BasicDataDDT" time="0.000">
    <skipped/>
  </testcase> <!-- test_BasicDataDDT -->
  <system-out/>
  <testcase classname="testCases.AddOrganizationDataDriven" name="test_BasicDataDDT" time="0.000">
    <skipped/>
  </testcase> <!-- test_BasicDataDDT -->
  <system-out/>
  <testcase classname="testCases.AddOrganizationDataDriven" name="test_BasicDataDDT" time="0.000">
    <skipped/>
  </testcase> <!-- test_BasicDataDDT -->
  <system-out/>
  <testcase classname="testCases.AddOrganizationDataDriven" name="test_BasicDataDDT" time="0.000">
    <skipped/>
  </testcase> <!-- test_BasicDataDDT -->
  <system-out/>
  <testcase classname="testCases.AddOrganizationDataDriven" name="test_BasicDataDDT" time="0.000">
    <skipped/>
  </testcase> <!-- test_BasicDataDDT -->
  <system-out/>
  <testcase classname="testCases.AddOrganizationDataDriven" name="test_BasicDataDDT" time="0.000">
    <skipped/>
  </testcase> <!-- test_BasicDataDDT -->
  <system-out/>
  <testcase classname="testCases.AddOrganizationDataDriven" name="test_BasicDataDDT" time="0.000">
    <skipped/>
  </testcase> <!-- test_BasicDataDDT -->
  <system-out/>
  <testcase classname="testCases.AddOrganizationDataDriven" name="test_BasicDataDDT" time="0.000">
    <skipped/>
  </testcase> <!-- test_BasicDataDDT -->
  <system-out/>
  <testcase classname="testCases.AddOrganizationDataDriven" name="test_BasicDataDDT" time="0.000">
    <skipped/>
  </testcase> <!-- test_BasicDataDDT -->
  <system-out/>
  <testcase classname="testCases.AddOrganizationDataDriven" name="test_BasicDataDDT" time="0.000">
    <skipped/>
  </testcase> <!-- test_BasicDataDDT -->
  <system-out/>
  <testcase classname="testCases.AddOrganizationDataDriven" name="test_BasicDataDDT" time="0.000">
    <skipped/>
  </testcase> <!-- test_BasicDataDDT -->
  <system-out/>
  <testcase classname="testCases.AddOrganizationDataDriven" name="test_BasicDataDDT" time="0.000">
    <skipped/>
  </testcase> <!-- test_BasicDataDDT -->
  <system-out/>
  <testcase classname="testCases.AddOrganizationDataDriven" name="test_BasicDataDDT" time="0.000">
    <skipped/>
  </testcase> <!-- test_BasicDataDDT -->
  <system-out/>
  <testcase classname="testCases.AddOrganizationDataDriven" name="test_BasicDataDDT" time="0.000">
    <skipped/>
  </testcase> <!-- test_BasicDataDDT -->
  <system-out/>
  <testcase classname="testCases.AddOrganizationDataDriven" name="test_BasicDataDDT" time="0.000">
    <skipped/>
  </testcase> <!-- test_BasicDataDDT -->
  <system-out/>
  <testcase classname="testCases.AddOrganizationDataDriven" name="test_BasicDataDDT" time="0.000">
    <skipped/>
  </testcase> <!-- test_BasicDataDDT -->
  <system-out/>
  <testcase classname="testCases.AddOrganizationDataDriven" name="test_BasicDataDDT" time="0.000">
    <skipped/>
  </testcase> <!-- test_BasicDataDDT -->
  <system-out/>
  <testcase classname="testCases.AddOrganizationDataDriven" name="test_BasicDataDDT" time="0.000">
    <skipped/>
  </testcase> <!-- test_BasicDataDDT -->
  <system-out/>
  <testcase classname="testCases.AddOrganizationDataDriven" name="test_BasicDataDDT" time="0.000">
    <skipped/>
  </testcase> <!-- test_BasicDataDDT -->
  <system-out/>
  <testcase classname="testCases.AddOrganizationDataDriven" name="test_BasicDataDDT" time="0.000">
    <skipped/>
  </testcase> <!-- test_BasicDataDDT -->
  <system-out/>
  <testcase classname="testCases.AddOrganizationDataDriven" name="test_BasicDataDDT" time="0.000">
    <skipped/>
  </testcase> <!-- test_BasicDataDDT -->
  <system-out/>
  <testcase classname="testCases.AddOrganizationDataDriven" name="test_BasicDataDDT" time="0.000">
    <skipped/>
  </testcase> <!-- test_BasicDataDDT -->
  <system-out/>
  <testcase classname="testCases.AddOrganizationDataDriven" name="test_BasicDataDDT" time="0.000">
    <skipped/>
  </testcase> <!-- test_BasicDataDDT -->
  <system-out/>
  <testcase classname="testCases.AddOrganizationDataDriven" name="test_BasicDataDDT" time="0.000">
    <skipped/>
  </testcase> <!-- test_BasicDataDDT -->
  <system-out/>
  <testcase classname="testCases.AddOrganizationDataDriven" name="test_BasicDataDDT" time="0.000">
    <skipped/>
  </testcase> <!-- test_BasicDataDDT -->
  <system-out/>
  <testcase classname="testCases.AddOrganizationDataDriven" name="test_BasicDataDDT" time="0.000">
    <skipped/>
  </testcase> <!-- test_BasicDataDDT -->
  <system-out/>
  <testcase classname="testCases.AddOrganizationDataDriven" name="test_BasicDataDDT" time="0.000">
    <skipped/>
  </testcase> <!-- test_BasicDataDDT -->
  <system-out/>
  <testcase classname="testCases.AddOrganizationDataDriven" name="test_BasicDataDDT" time="0.000">
    <skipped/>
  </testcase> <!-- test_BasicDataDDT -->
  <system-out/>
  <testcase classname="testCases.AddOrganizationDataDriven" name="test_BasicDataDDT" time="0.000">
    <skipped/>
  </testcase> <!-- test_BasicDataDDT -->
  <system-out/>
  <testcase classname="testCases.AddOrganizationDataDriven" name="test_BasicDataDDT" time="0.000">
    <skipped/>
  </testcase> <!-- test_BasicDataDDT -->
  <system-out/>
  <testcase classname="testCases.AddOrganizationDataDriven" name="test_BasicDataDDT" time="0.000">
    <skipped/>
  </testcase> <!-- test_BasicDataDDT -->
  <system-out/>
  <testcase classname="testCases.AddOrganizationDataDriven" name="test_BasicDataDDT" time="0.000">
    <skipped/>
  </testcase> <!-- test_BasicDataDDT -->
  <system-out/>
</testsuite> <!-- testCases.AddOrganizationDataDriven -->
