<?xml version="1.0" encoding="UTF-8"?>
<!-- Generated by org.testng.reporters.JUnitReportReporter -->
<testsuite hostname="LAPTOP-G8J30JQB" failures="0" tests="10" name="testCases.LoginDataDrivenTest" time="75.857" errors="0" timestamp="2023-04-16T10:36:45 IST" skipped="0">
  <testcase classname="testCases.LoginDataDrivenTest" name="test_LoginDDT" time="4.050"/>
  <system-out/>
  <testcase classname="testCases.LoginDataDrivenTest" name="test_LoginDDT" time="10.370"/>
  <system-out/>
  <testcase classname="testCases.LoginDataDrivenTest" name="test_LoginDDT" time="10.441"/>
  <system-out/>
  <testcase classname="testCases.LoginDataDrivenTest" name="test_LoginDDT" time="3.993"/>
  <system-out/>
  <testcase classname="testCases.LoginDataDrivenTest" name="test_LoginDDT" time="10.457"/>
  <system-out/>
  <testcase classname="testCases.LoginDataDrivenTest" name="test_LoginDDT" time="6.383"/>
  <system-out/>
  <testcase classname="testCases.LoginDataDrivenTest" name="test_LoginDDT" time="4.003"/>
  <system-out/>
  <testcase classname="testCases.LoginDataDrivenTest" name="test_LoginDDT" time="10.731"/>
  <system-out/>
  <testcase classname="testCases.LoginDataDrivenTest" name="test_LoginDDT" time="10.451"/>
  <system-out/>
  <testcase classname="testCases.LoginDataDrivenTest" name="test_LoginDDT" time="4.978"/>
  <system-out/>
</testsuite> <!-- testCases.LoginDataDrivenTest -->
