<?xml version="1.0" encoding="UTF-8"?>
<!-- Generated by org.testng.reporters.JUnitReportReporter -->
<testsuite hostname="LAPTOP-G8J30JQB" failures="0" tests="10" name="testCases.LoginDataDrivenTest" time="77.141" errors="0" timestamp="2023-04-12T19:44:40 IST" skipped="0">
  <testcase classname="testCases.LoginDataDrivenTest" name="test_LoginDDT" time="5.885"/>
  <system-out/>
  <testcase classname="testCases.LoginDataDrivenTest" name="test_LoginDDT" time="10.372"/>
  <system-out/>
  <testcase classname="testCases.LoginDataDrivenTest" name="test_LoginDDT" time="10.380"/>
  <system-out/>
  <testcase classname="testCases.LoginDataDrivenTest" name="test_LoginDDT" time="4.057"/>
  <system-out/>
  <testcase classname="testCases.LoginDataDrivenTest" name="test_LoginDDT" time="4.757"/>
  <system-out/>
  <testcase classname="testCases.LoginDataDrivenTest" name="test_LoginDDT" time="5.269"/>
  <system-out/>
  <testcase classname="testCases.LoginDataDrivenTest" name="test_LoginDDT" time="10.439"/>
  <system-out/>
  <testcase classname="testCases.LoginDataDrivenTest" name="test_LoginDDT" time="10.453"/>
  <system-out/>
  <testcase classname="testCases.LoginDataDrivenTest" name="test_LoginDDT" time="4.833"/>
  <system-out/>
  <testcase classname="testCases.LoginDataDrivenTest" name="test_LoginDDT" time="10.696"/>
  <system-out/>
</testsuite> <!-- testCases.LoginDataDrivenTest -->
